Copyright 1986-2022 Xilinx, Inc. All Rights Reserved.
------------------------------------------------------------------------------------
| Tool Version : Vivado v.2022.2 (win64) Build 3671981 Fri Oct 14 05:00:03 MDT 2022
| Date         : Thu May  8 19:29:57 2025
| Host         : JacobsRazer running 64-bit major release  (build 9200)
| Command      : upgrade_ip
| Device       : xc7s50csga324-1
------------------------------------------------------------------------------------

Upgrade Log for IP 'mb_hdmi_hdmi_text_controller_0_0'

1. Summary
----------

SUCCESS in the upgrade of mb_hdmi_hdmi_text_controller_0_0 (xilinx.com:user:hdmi_text_controller:2.0) from (Rev. 65) to (Rev. 66)






Copyright 1986-2022 Xilinx, Inc. All Rights Reserved.
------------------------------------------------------------------------------------
| Tool Version : Vivado v.2022.2 (win64) Build 3671981 Fri Oct 14 05:00:03 MDT 2022
| Date         : Tue May  6 20:39:36 2025
| Host         : JacobsRazer running 64-bit major release  (build 9200)
| Command      : upgrade_ip
| Device       : xc7s50csga324-1
------------------------------------------------------------------------------------

Upgrade Log for IP 'mb_hdmi_hdmi_text_controller_0_0'

1. Summary
----------

SUCCESS in the upgrade of mb_hdmi_hdmi_text_controller_0_0 (xilinx.com:user:hdmi_text_controller:2.0) from (Rev. 64) to (Rev. 65)






Copyright 1986-2022 Xilinx, Inc. All Rights Reserved.
------------------------------------------------------------------------------------
| Tool Version : Vivado v.2022.2 (win64) Build 3671981 Fri Oct 14 05:00:03 MDT 2022
| Date         : Tue May  6 20:38:40 2025
| Host         : JacobsRazer running 64-bit major release  (build 9200)
| Command      : upgrade_ip
| Device       : xc7s50csga324-1
------------------------------------------------------------------------------------

Upgrade Log for IP 'mb_hdmi_hdmi_text_controller_0_0'

1. Summary
----------

SUCCESS in the upgrade of mb_hdmi_hdmi_text_controller_0_0 (xilinx.com:user:hdmi_text_controller:2.0) from (Rev. 63) to (Rev. 64)






Copyright 1986-2022 Xilinx, Inc. All Rights Reserved.
------------------------------------------------------------------------------------
| Tool Version : Vivado v.2022.2 (win64) Build 3671981 Fri Oct 14 05:00:03 MDT 2022
| Date         : Tue May  6 20:25:45 2025
| Host         : JacobsRazer running 64-bit major release  (build 9200)
| Command      : upgrade_ip
| Device       : xc7s50csga324-1
------------------------------------------------------------------------------------

Upgrade Log for IP 'mb_hdmi_hdmi_text_controller_0_0'

1. Summary
----------

SUCCESS in the upgrade of mb_hdmi_hdmi_text_controller_0_0 (xilinx.com:user:hdmi_text_controller:2.0) from (Rev. 62) to (Rev. 63)






Copyright 1986-2022 Xilinx, Inc. All Rights Reserved.
------------------------------------------------------------------------------------
| Tool Version : Vivado v.2022.2 (win64) Build 3671981 Fri Oct 14 05:00:03 MDT 2022
| Date         : Tue May  6 19:31:05 2025
| Host         : JacobsRazer running 64-bit major release  (build 9200)
| Command      : upgrade_ip
| Device       : xc7s50csga324-1
------------------------------------------------------------------------------------

Upgrade Log for IP 'mb_hdmi_hdmi_text_controller_0_0'

1. Summary
----------

SUCCESS in the upgrade of mb_hdmi_hdmi_text_controller_0_0 (xilinx.com:user:hdmi_text_controller:2.0) from (Rev. 60) to (Rev. 62)






Copyright 1986-2022 Xilinx, Inc. All Rights Reserved.
------------------------------------------------------------------------------------
| Tool Version : Vivado v.2022.2 (win64) Build 3671981 Fri Oct 14 05:00:03 MDT 2022
| Date         : Tue May  6 11:27:09 2025
| Host         : JacobsRazer running 64-bit major release  (build 9200)
| Command      : upgrade_ip
| Device       : xc7s50csga324-1
------------------------------------------------------------------------------------

Upgrade Log for IP 'mb_hdmi_hdmi_text_controller_0_0'

1. Summary
----------

SUCCESS in the upgrade of mb_hdmi_hdmi_text_controller_0_0 (xilinx.com:user:hdmi_text_controller:2.0) from (Rev. 58) to (Rev. 60)






Copyright 1986-2022 Xilinx, Inc. All Rights Reserved.
------------------------------------------------------------------------------------
| Tool Version : Vivado v.2022.2 (win64) Build 3671981 Fri Oct 14 05:00:03 MDT 2022
| Date         : Sun May  4 21:47:33 2025
| Host         : JacobsRazer running 64-bit major release  (build 9200)
| Command      : upgrade_ip
| Device       : xc7s50csga324-1
------------------------------------------------------------------------------------

Upgrade Log for IP 'mb_hdmi_hdmi_text_controller_0_0'

1. Summary
----------

SUCCESS in the upgrade of mb_hdmi_hdmi_text_controller_0_0 (xilinx.com:user:hdmi_text_controller:2.0) from (Rev. 57) to (Rev. 58)






Copyright 1986-2022 Xilinx, Inc. All Rights Reserved.
------------------------------------------------------------------------------------
| Tool Version : Vivado v.2022.2 (win64) Build 3671981 Fri Oct 14 05:00:03 MDT 2022
| Date         : Sun May  4 18:35:47 2025
| Host         : JacobsRazer running 64-bit major release  (build 9200)
| Command      : upgrade_ip
| Device       : xc7s50csga324-1
------------------------------------------------------------------------------------

Upgrade Log for IP 'mb_hdmi_hdmi_text_controller_0_0'

1. Summary
----------

SUCCESS in the upgrade of mb_hdmi_hdmi_text_controller_0_0 (xilinx.com:user:hdmi_text_controller:2.0) from (Rev. 56) to (Rev. 57)






Copyright 1986-2022 Xilinx, Inc. All Rights Reserved.
------------------------------------------------------------------------------------
| Tool Version : Vivado v.2022.2 (win64) Build 3671981 Fri Oct 14 05:00:03 MDT 2022
| Date         : Sun May  4 18:16:18 2025
| Host         : JacobsRazer running 64-bit major release  (build 9200)
| Command      : upgrade_ip
| Device       : xc7s50csga324-1
------------------------------------------------------------------------------------

Upgrade Log for IP 'mb_hdmi_hdmi_text_controller_0_0'

1. Summary
----------

SUCCESS in the upgrade of mb_hdmi_hdmi_text_controller_0_0 (xilinx.com:user:hdmi_text_controller:2.0) from (Rev. 55) to (Rev. 56)






Copyright 1986-2022 Xilinx, Inc. All Rights Reserved.
------------------------------------------------------------------------------------
| Tool Version : Vivado v.2022.2 (win64) Build 3671981 Fri Oct 14 05:00:03 MDT 2022
| Date         : Sun May  4 17:45:23 2025
| Host         : JacobsRazer running 64-bit major release  (build 9200)
| Command      : upgrade_ip
| Device       : xc7s50csga324-1
------------------------------------------------------------------------------------

Upgrade Log for IP 'mb_hdmi_hdmi_text_controller_0_0'

1. Summary
----------

SUCCESS in the upgrade of mb_hdmi_hdmi_text_controller_0_0 (xilinx.com:user:hdmi_text_controller:2.0) from (Rev. 54) to (Rev. 55)






Copyright 1986-2022 Xilinx, Inc. All Rights Reserved.
------------------------------------------------------------------------------------
| Tool Version : Vivado v.2022.2 (win64) Build 3671981 Fri Oct 14 05:00:03 MDT 2022
| Date         : Sun May  4 17:32:45 2025
| Host         : JacobsRazer running 64-bit major release  (build 9200)
| Command      : upgrade_ip
| Device       : xc7s50csga324-1
------------------------------------------------------------------------------------

Upgrade Log for IP 'mb_hdmi_hdmi_text_controller_0_0'

1. Summary
----------

SUCCESS in the upgrade of mb_hdmi_hdmi_text_controller_0_0 (xilinx.com:user:hdmi_text_controller:2.0) from (Rev. 53) to (Rev. 54)






Copyright 1986-2022 Xilinx, Inc. All Rights Reserved.
------------------------------------------------------------------------------------
| Tool Version : Vivado v.2022.2 (win64) Build 3671981 Fri Oct 14 05:00:03 MDT 2022
| Date         : Sun May  4 17:31:50 2025
| Host         : JacobsRazer running 64-bit major release  (build 9200)
| Command      : upgrade_ip
| Device       : xc7s50csga324-1
------------------------------------------------------------------------------------

Upgrade Log for IP 'mb_hdmi_hdmi_text_controller_0_0'

1. Summary
----------

SUCCESS in the upgrade of mb_hdmi_hdmi_text_controller_0_0 (xilinx.com:user:hdmi_text_controller:2.0) from (Rev. 52) to (Rev. 53)






Copyright 1986-2022 Xilinx, Inc. All Rights Reserved.
------------------------------------------------------------------------------------
| Tool Version : Vivado v.2022.2 (win64) Build 3671981 Fri Oct 14 05:00:03 MDT 2022
| Date         : Sun May  4 17:03:37 2025
| Host         : JacobsRazer running 64-bit major release  (build 9200)
| Command      : upgrade_ip
| Device       : xc7s50csga324-1
------------------------------------------------------------------------------------

Upgrade Log for IP 'mb_hdmi_hdmi_text_controller_0_0'

1. Summary
----------

SUCCESS in the upgrade of mb_hdmi_hdmi_text_controller_0_0 (xilinx.com:user:hdmi_text_controller:2.0) from (Rev. 51) to (Rev. 52)






Copyright 1986-2022 Xilinx, Inc. All Rights Reserved.
------------------------------------------------------------------------------------
| Tool Version : Vivado v.2022.2 (win64) Build 3671981 Fri Oct 14 05:00:03 MDT 2022
| Date         : Sat May  3 14:59:22 2025
| Host         : JacobsRazer running 64-bit major release  (build 9200)
| Command      : upgrade_ip
| Device       : xc7s50csga324-1
------------------------------------------------------------------------------------

Upgrade Log for IP 'mb_hdmi_hdmi_text_controller_0_0'

1. Summary
----------

SUCCESS in the upgrade of mb_hdmi_hdmi_text_controller_0_0 (xilinx.com:user:hdmi_text_controller:2.0) from (Rev. 50) to (Rev. 51)






Copyright 1986-2022 Xilinx, Inc. All Rights Reserved.
------------------------------------------------------------------------------------
| Tool Version : Vivado v.2022.2 (win64) Build 3671981 Fri Oct 14 05:00:03 MDT 2022
| Date         : Sat May  3 14:42:14 2025
| Host         : JacobsRazer running 64-bit major release  (build 9200)
| Command      : upgrade_ip
| Device       : xc7s50csga324-1
------------------------------------------------------------------------------------

Upgrade Log for IP 'mb_hdmi_hdmi_text_controller_0_0'

1. Summary
----------

SUCCESS in the upgrade of mb_hdmi_hdmi_text_controller_0_0 (xilinx.com:user:hdmi_text_controller:2.0) from (Rev. 49) to (Rev. 50)






Copyright 1986-2022 Xilinx, Inc. All Rights Reserved.
------------------------------------------------------------------------------------
| Tool Version : Vivado v.2022.2 (win64) Build 3671981 Fri Oct 14 05:00:03 MDT 2022
| Date         : Fri May  2 12:51:29 2025
| Host         : JacobsRazer running 64-bit major release  (build 9200)
| Command      : upgrade_ip
| Device       : xc7s50csga324-1
------------------------------------------------------------------------------------

Upgrade Log for IP 'mb_hdmi_hdmi_text_controller_0_0'

1. Summary
----------

SUCCESS in the upgrade of mb_hdmi_hdmi_text_controller_0_0 (xilinx.com:user:hdmi_text_controller:2.0) from (Rev. 48) to (Rev. 49)






Copyright 1986-2022 Xilinx, Inc. All Rights Reserved.
------------------------------------------------------------------------------------
| Tool Version : Vivado v.2022.2 (win64) Build 3671981 Fri Oct 14 05:00:03 MDT 2022
| Date         : Fri May  2 12:29:06 2025
| Host         : JacobsRazer running 64-bit major release  (build 9200)
| Command      : upgrade_ip
| Device       : xc7s50csga324-1
------------------------------------------------------------------------------------

Upgrade Log for IP 'mb_hdmi_hdmi_text_controller_0_0'

1. Summary
----------

SUCCESS in the upgrade of mb_hdmi_hdmi_text_controller_0_0 (xilinx.com:user:hdmi_text_controller:2.0) from (Rev. 47) to (Rev. 48)






Copyright 1986-2022 Xilinx, Inc. All Rights Reserved.
------------------------------------------------------------------------------------
| Tool Version : Vivado v.2022.2 (win64) Build 3671981 Fri Oct 14 05:00:03 MDT 2022
| Date         : Fri May  2 12:09:13 2025
| Host         : JacobsRazer running 64-bit major release  (build 9200)
| Command      : upgrade_ip
| Device       : xc7s50csga324-1
------------------------------------------------------------------------------------

Upgrade Log for IP 'mb_hdmi_hdmi_text_controller_0_0'

1. Summary
----------

SUCCESS in the upgrade of mb_hdmi_hdmi_text_controller_0_0 (xilinx.com:user:hdmi_text_controller:2.0) from (Rev. 46) to (Rev. 47)






Copyright 1986-2022 Xilinx, Inc. All Rights Reserved.
------------------------------------------------------------------------------------
| Tool Version : Vivado v.2022.2 (win64) Build 3671981 Fri Oct 14 05:00:03 MDT 2022
| Date         : Fri May  2 11:52:22 2025
| Host         : JacobsRazer running 64-bit major release  (build 9200)
| Command      : upgrade_ip
| Device       : xc7s50csga324-1
------------------------------------------------------------------------------------

Upgrade Log for IP 'mb_hdmi_hdmi_text_controller_0_0'

1. Summary
----------

SUCCESS in the upgrade of mb_hdmi_hdmi_text_controller_0_0 (xilinx.com:user:hdmi_text_controller:2.0) from (Rev. 45) to (Rev. 46)






Copyright 1986-2022 Xilinx, Inc. All Rights Reserved.
------------------------------------------------------------------------------------
| Tool Version : Vivado v.2022.2 (win64) Build 3671981 Fri Oct 14 05:00:03 MDT 2022
| Date         : Fri May  2 11:37:09 2025
| Host         : JacobsRazer running 64-bit major release  (build 9200)
| Command      : upgrade_ip
| Device       : xc7s50csga324-1
------------------------------------------------------------------------------------

Upgrade Log for IP 'mb_hdmi_hdmi_text_controller_0_0'

1. Summary
----------

SUCCESS in the upgrade of mb_hdmi_hdmi_text_controller_0_0 (xilinx.com:user:hdmi_text_controller:2.0) from (Rev. 44) to (Rev. 45)






Copyright 1986-2022 Xilinx, Inc. All Rights Reserved.
------------------------------------------------------------------------------------
| Tool Version : Vivado v.2022.2 (win64) Build 3671981 Fri Oct 14 05:00:03 MDT 2022
| Date         : Fri May  2 11:00:44 2025
| Host         : JacobsRazer running 64-bit major release  (build 9200)
| Command      : upgrade_ip
| Device       : xc7s50csga324-1
------------------------------------------------------------------------------------

Upgrade Log for IP 'mb_hdmi_hdmi_text_controller_0_0'

1. Summary
----------

SUCCESS in the upgrade of mb_hdmi_hdmi_text_controller_0_0 (xilinx.com:user:hdmi_text_controller:2.0) from (Rev. 43) to (Rev. 44)






Copyright 1986-2022 Xilinx, Inc. All Rights Reserved.
------------------------------------------------------------------------------------
| Tool Version : Vivado v.2022.2 (win64) Build 3671981 Fri Oct 14 05:00:03 MDT 2022
| Date         : Fri May  2 10:22:37 2025
| Host         : JacobsRazer running 64-bit major release  (build 9200)
| Command      : upgrade_ip
| Device       : xc7s50csga324-1
------------------------------------------------------------------------------------

Upgrade Log for IP 'mb_hdmi_hdmi_text_controller_0_0'

1. Summary
----------

SUCCESS in the upgrade of mb_hdmi_hdmi_text_controller_0_0 (xilinx.com:user:hdmi_text_controller:2.0) from (Rev. 41) to (Rev. 43)






Copyright 1986-2022 Xilinx, Inc. All Rights Reserved.
------------------------------------------------------------------------------------
| Tool Version : Vivado v.2022.2 (win64) Build 3671981 Fri Oct 14 05:00:03 MDT 2022
| Date         : Thu May  1 20:56:14 2025
| Host         : JacobsRazer running 64-bit major release  (build 9200)
| Command      : upgrade_ip
| Device       : xc7s50csga324-1
------------------------------------------------------------------------------------

Upgrade Log for IP 'mb_hdmi_hdmi_text_controller_0_0'

1. Summary
----------

SUCCESS in the upgrade of mb_hdmi_hdmi_text_controller_0_0 (xilinx.com:user:hdmi_text_controller:2.0) from (Rev. 40) to (Rev. 41)






Copyright 1986-2022 Xilinx, Inc. All Rights Reserved.
------------------------------------------------------------------------------------
| Tool Version : Vivado v.2022.2 (win64) Build 3671981 Fri Oct 14 05:00:03 MDT 2022
| Date         : Thu May  1 20:32:26 2025
| Host         : JacobsRazer running 64-bit major release  (build 9200)
| Command      : upgrade_ip
| Device       : xc7s50csga324-1
------------------------------------------------------------------------------------

Upgrade Log for IP 'mb_hdmi_hdmi_text_controller_0_0'

1. Summary
----------

SUCCESS in the upgrade of mb_hdmi_hdmi_text_controller_0_0 (xilinx.com:user:hdmi_text_controller:2.0) from (Rev. 39) to (Rev. 40)






Copyright 1986-2022 Xilinx, Inc. All Rights Reserved.
------------------------------------------------------------------------------------
| Tool Version : Vivado v.2022.2 (win64) Build 3671981 Fri Oct 14 05:00:03 MDT 2022
| Date         : Thu May  1 19:13:30 2025
| Host         : JacobsRazer running 64-bit major release  (build 9200)
| Command      : upgrade_ip
| Device       : xc7s50csga324-1
------------------------------------------------------------------------------------

Upgrade Log for IP 'mb_hdmi_hdmi_text_controller_0_0'

1. Summary
----------

SUCCESS in the upgrade of mb_hdmi_hdmi_text_controller_0_0 (xilinx.com:user:hdmi_text_controller:2.0) from (Rev. 38) to (Rev. 39)






Copyright 1986-2022 Xilinx, Inc. All Rights Reserved.
------------------------------------------------------------------------------------
| Tool Version : Vivado v.2022.2 (win64) Build 3671981 Fri Oct 14 05:00:03 MDT 2022
| Date         : Thu May  1 18:57:42 2025
| Host         : JacobsRazer running 64-bit major release  (build 9200)
| Command      : upgrade_ip
| Device       : xc7s50csga324-1
------------------------------------------------------------------------------------

Upgrade Log for IP 'mb_hdmi_hdmi_text_controller_0_0'

1. Summary
----------

SUCCESS in the upgrade of mb_hdmi_hdmi_text_controller_0_0 (xilinx.com:user:hdmi_text_controller:2.0) from (Rev. 37) to (Rev. 38)






Copyright 1986-2022 Xilinx, Inc. All Rights Reserved.
------------------------------------------------------------------------------------
| Tool Version : Vivado v.2022.2 (win64) Build 3671981 Fri Oct 14 05:00:03 MDT 2022
| Date         : Thu May  1 18:38:07 2025
| Host         : JacobsRazer running 64-bit major release  (build 9200)
| Command      : upgrade_ip
| Device       : xc7s50csga324-1
------------------------------------------------------------------------------------

Upgrade Log for IP 'mb_hdmi_hdmi_text_controller_0_0'

1. Summary
----------

SUCCESS in the upgrade of mb_hdmi_hdmi_text_controller_0_0 (xilinx.com:user:hdmi_text_controller:2.0) from (Rev. 36) to (Rev. 37)






Copyright 1986-2022 Xilinx, Inc. All Rights Reserved.
------------------------------------------------------------------------------------
| Tool Version : Vivado v.2022.2 (win64) Build 3671981 Fri Oct 14 05:00:03 MDT 2022
| Date         : Thu May  1 17:38:51 2025
| Host         : JacobsRazer running 64-bit major release  (build 9200)
| Command      : upgrade_ip
| Device       : xc7s50csga324-1
------------------------------------------------------------------------------------

Upgrade Log for IP 'mb_hdmi_hdmi_text_controller_0_0'

1. Summary
----------

SUCCESS in the upgrade of mb_hdmi_hdmi_text_controller_0_0 (xilinx.com:user:hdmi_text_controller:2.0) from (Rev. 35) to (Rev. 36)






Copyright 1986-2022 Xilinx, Inc. All Rights Reserved.
------------------------------------------------------------------------------------
| Tool Version : Vivado v.2022.2 (win64) Build 3671981 Fri Oct 14 05:00:03 MDT 2022
| Date         : Thu May  1 16:34:54 2025
| Host         : JacobsRazer running 64-bit major release  (build 9200)
| Command      : upgrade_ip
| Device       : xc7s50csga324-1
------------------------------------------------------------------------------------

Upgrade Log for IP 'mb_hdmi_hdmi_text_controller_0_0'

1. Summary
----------

SUCCESS in the upgrade of mb_hdmi_hdmi_text_controller_0_0 (xilinx.com:user:hdmi_text_controller:2.0) from (Rev. 34) to (Rev. 35)






Copyright 1986-2022 Xilinx, Inc. All Rights Reserved.
------------------------------------------------------------------------------------
| Tool Version : Vivado v.2022.2 (win64) Build 3671981 Fri Oct 14 05:00:03 MDT 2022
| Date         : Thu May  1 11:28:11 2025
| Host         : JacobsRazer running 64-bit major release  (build 9200)
| Command      : upgrade_ip
| Device       : xc7s50csga324-1
------------------------------------------------------------------------------------

Upgrade Log for IP 'mb_hdmi_hdmi_text_controller_0_0'

1. Summary
----------

SUCCESS in the upgrade of mb_hdmi_hdmi_text_controller_0_0 (xilinx.com:user:hdmi_text_controller:2.0) from (Rev. 33) to (Rev. 34)






Copyright 1986-2022 Xilinx, Inc. All Rights Reserved.
------------------------------------------------------------------------------------
| Tool Version : Vivado v.2022.2 (win64) Build 3671981 Fri Oct 14 05:00:03 MDT 2022
| Date         : Tue Apr 29 12:37:40 2025
| Host         : JacobsRazer running 64-bit major release  (build 9200)
| Command      : upgrade_ip
| Device       : xc7s50csga324-1
------------------------------------------------------------------------------------

Upgrade Log for IP 'mb_hdmi_hdmi_text_controller_0_0'

1. Summary
----------

SUCCESS in the upgrade of mb_hdmi_hdmi_text_controller_0_0 (xilinx.com:user:hdmi_text_controller:2.0) from (Rev. 32) to (Rev. 33)






Copyright 1986-2022 Xilinx, Inc. All Rights Reserved.
------------------------------------------------------------------------------------
| Tool Version : Vivado v.2022.2 (win64) Build 3671981 Fri Oct 14 05:00:03 MDT 2022
| Date         : Tue Apr 29 11:40:56 2025
| Host         : JacobsRazer running 64-bit major release  (build 9200)
| Command      : upgrade_ip
| Device       : xc7s50csga324-1
------------------------------------------------------------------------------------

Upgrade Log for IP 'mb_hdmi_hdmi_text_controller_0_0'

1. Summary
----------

SUCCESS in the upgrade of mb_hdmi_hdmi_text_controller_0_0 (xilinx.com:user:hdmi_text_controller:2.0) from (Rev. 31) to (Rev. 32)






Copyright 1986-2022 Xilinx, Inc. All Rights Reserved.
------------------------------------------------------------------------------------
| Tool Version : Vivado v.2022.2 (win64) Build 3671981 Fri Oct 14 05:00:03 MDT 2022
| Date         : Sun Apr 27 15:30:12 2025
| Host         : JacobsRazer running 64-bit major release  (build 9200)
| Command      : upgrade_ip
| Device       : xc7s50csga324-1
------------------------------------------------------------------------------------

Upgrade Log for IP 'mb_hdmi_hdmi_text_controller_0_0'

1. Summary
----------

SUCCESS in the upgrade of mb_hdmi_hdmi_text_controller_0_0 (xilinx.com:user:hdmi_text_controller:2.0) from (Rev. 30) to (Rev. 31)






Copyright 1986-2022 Xilinx, Inc. All Rights Reserved.
------------------------------------------------------------------------------------
| Tool Version : Vivado v.2022.2 (win64) Build 3671981 Fri Oct 14 05:00:03 MDT 2022
| Date         : Sun Apr 27 14:46:05 2025
| Host         : JacobsRazer running 64-bit major release  (build 9200)
| Command      : upgrade_ip
| Device       : xc7s50csga324-1
------------------------------------------------------------------------------------

Upgrade Log for IP 'mb_hdmi_hdmi_text_controller_0_0'

1. Summary
----------

SUCCESS in the upgrade of mb_hdmi_hdmi_text_controller_0_0 (xilinx.com:user:hdmi_text_controller:2.0) from (Rev. 29) to (Rev. 30)






Copyright 1986-2022 Xilinx, Inc. All Rights Reserved.
------------------------------------------------------------------------------------
| Tool Version : Vivado v.2022.2 (win64) Build 3671981 Fri Oct 14 05:00:03 MDT 2022
| Date         : Fri Apr 25 11:08:21 2025
| Host         : JacobsRazer running 64-bit major release  (build 9200)
| Command      : upgrade_ip
| Device       : xc7s50csga324-1
------------------------------------------------------------------------------------

Upgrade Log for IP 'mb_hdmi_hdmi_text_controller_0_0'

1. Summary
----------

SUCCESS in the upgrade of mb_hdmi_hdmi_text_controller_0_0 (xilinx.com:user:hdmi_text_controller:2.0) from (Rev. 28) to (Rev. 29)






Copyright 1986-2022 Xilinx, Inc. All Rights Reserved.
------------------------------------------------------------------------------------
| Tool Version : Vivado v.2022.2 (win64) Build 3671981 Fri Oct 14 05:00:03 MDT 2022
| Date         : Fri Apr 25 10:46:55 2025
| Host         : JacobsRazer running 64-bit major release  (build 9200)
| Command      : upgrade_ip
| Device       : xc7s50csga324-1
------------------------------------------------------------------------------------

Upgrade Log for IP 'mb_hdmi_hdmi_text_controller_0_0'

1. Summary
----------

SUCCESS in the upgrade of mb_hdmi_hdmi_text_controller_0_0 (xilinx.com:user:hdmi_text_controller:2.0) from (Rev. 27) to (Rev. 28)






Copyright 1986-2022 Xilinx, Inc. All Rights Reserved.
------------------------------------------------------------------------------------
| Tool Version : Vivado v.2022.2 (win64) Build 3671981 Fri Oct 14 05:00:03 MDT 2022
| Date         : Fri Apr 25 09:58:43 2025
| Host         : JacobsRazer running 64-bit major release  (build 9200)
| Command      : upgrade_ip
| Device       : xc7s50csga324-1
------------------------------------------------------------------------------------

Upgrade Log for IP 'mb_hdmi_hdmi_text_controller_0_0'

1. Summary
----------

SUCCESS in the upgrade of mb_hdmi_hdmi_text_controller_0_0 (xilinx.com:user:hdmi_text_controller:2.0) from (Rev. 26) to (Rev. 27)






Copyright 1986-2022 Xilinx, Inc. All Rights Reserved.
------------------------------------------------------------------------------------
| Tool Version : Vivado v.2022.2 (win64) Build 3671981 Fri Oct 14 05:00:03 MDT 2022
| Date         : Fri Apr 25 09:57:21 2025
| Host         : JacobsRazer running 64-bit major release  (build 9200)
| Command      : upgrade_ip
| Device       : xc7s50csga324-1
------------------------------------------------------------------------------------

Upgrade Log for IP 'mb_hdmi_hdmi_text_controller_0_0'

1. Summary
----------

SUCCESS in the conversion of mb_hdmi_hdmi_text_controller_0_0 (xilinx.com:user:hdmi_text_controller:2.0 (Rev. 26)) to Vivado generation flows.






Copyright 1986-2022 Xilinx, Inc. All Rights Reserved.
------------------------------------------------------------------------------------
| Tool Version : Vivado v.2022.2 (win64) Build 3671981 Fri Oct 14 05:00:03 MDT 2022
| Date         : Thu Apr 24 13:21:10 2025
| Host         : JacobsRazer running 64-bit major release  (build 9200)
| Command      : upgrade_ip
| Device       : xc7s50csga324-1
------------------------------------------------------------------------------------

Upgrade Log for IP 'mb_hdmi_hdmi_text_controller_0_0'

1. Summary
----------

SUCCESS in the upgrade of mb_hdmi_hdmi_text_controller_0_0 (xilinx.com:user:hdmi_text_controller:2.0) from (Rev. 23) to (Rev. 26)






Copyright 1986-2022 Xilinx, Inc. All Rights Reserved.
------------------------------------------------------------------------------------
| Tool Version : Vivado v.2022.2 (win64) Build 3671981 Fri Oct 14 05:00:03 MDT 2022
| Date         : Thu Apr 24 10:59:41 2025
| Host         : JacobsRazer running 64-bit major release  (build 9200)
| Command      : upgrade_ip
| Device       : xc7s50csga324-1
------------------------------------------------------------------------------------

Upgrade Log for IP 'mb_hdmi_hdmi_text_controller_0_0'

1. Summary
----------

SUCCESS in the upgrade of mb_hdmi_hdmi_text_controller_0_0 (xilinx.com:user:hdmi_text_controller:2.0) from (Rev. 22) to (Rev. 23)

